2021-06-04T19:26:54.438Z [2021-06-04T19:26:54.438Z] info: Started on port: 3030
2021-06-04T19:29:09.436Z [2021-06-04T19:29:09.436Z] info: Started on port: 3030
2021-06-04T19:32:06.136Z [2021-06-04T19:32:06.136Z] info: Started on port: 3030
2021-06-04T19:38:28.043Z [2021-06-04T19:38:28.043Z] info: Started on port: 3030
2021-06-04T19:38:35.755Z [2021-06-04T19:38:35.755Z] error: POST /accounts - Cannot read property 'push' of undefined
2021-06-04T19:39:03.789Z [2021-06-04T19:39:03.789Z] info: Started on port: 3030
2021-06-04T19:40:05.919Z [2021-06-04T19:40:05.919Z] info: Started on port: 3030
2021-06-04T19:40:44.153Z [2021-06-04T19:40:44.153Z] info: Started on port: 3030
2021-06-04T19:42:06.654Z [2021-06-04T19:42:06.654Z] info: Started on port: 3030
2021-06-04T19:43:01.825Z [2021-06-04T19:43:01.825Z] info: Started on port: 3030
2021-06-04T19:43:23.118Z [2021-06-04T19:43:23.118Z] info: Started on port: 3030
2021-06-04T19:44:26.252Z [2021-06-04T19:44:26.252Z] info: Started on port: 3030
2021-06-04T20:13:41.700Z [2021-06-04T20:13:41.700Z] info: Started on port: 3030
2021-06-04T20:20:54.798Z [2021-06-04T20:20:54.798Z] info: Started on port: 3030
2021-06-04T20:21:17.075Z [2021-06-04T20:21:17.075Z] error: POST /accounts - Name e Balance são obrigatorios!
2021-06-04T20:23:04.637Z [2021-06-04T20:23:04.637Z] info: Started on port: 3030
2021-06-04T20:24:19.462Z [2021-06-04T20:24:19.462Z] info: Started on port: 3030
2021-06-04T20:29:23.697Z [2021-06-04T20:29:23.697Z] info: Started on port: 3030
2021-06-04T20:31:29.874Z [2021-06-04T20:31:29.874Z] info: Started on port: 3030
2021-06-04T20:32:20.084Z [2021-06-04T20:32:20.084Z] info: Started on port: 3030
2021-06-04T20:33:59.915Z [2021-06-04T20:33:59.915Z] info: Started on port: 3030
2021-06-04T20:34:28.695Z [2021-06-04T20:34:28.695Z] info: Started on port: 3030
2021-06-04T20:35:46.773Z [2021-06-04T20:35:46.773Z] info: Started on port: 3030
2021-06-04T20:36:06.148Z [2021-06-04T20:36:06.148Z] info: Started on port: 3030
2021-06-04T20:36:35.366Z [2021-06-04T20:36:35.366Z] info: Started on port: 3030
2021-06-04T20:37:25.377Z [2021-06-04T20:37:25.377Z] info: Started on port: 3030
2021-06-04T20:37:46.302Z [2021-06-04T20:37:46.302Z] info: Started on port: 3030
2021-06-04T20:47:33.086Z [2021-06-04T20:47:33.086Z] info: Started on port: 3030
2021-06-04T20:49:53.156Z [2021-06-04T20:49:53.156Z] info: GET /account
2021-06-04T20:55:00.190Z [2021-06-04T20:55:00.190Z] info: Started on port: 3030
2021-06-04T20:56:26.085Z [2021-06-04T20:56:26.085Z] info: Started on port: 3030
2021-06-04T20:58:08.420Z [2021-06-04T20:58:08.420Z] info: Started on port: 3030
2021-06-04T20:59:42.928Z [2021-06-04T20:59:42.928Z] info: Started on port: 3030
2021-06-05T01:46:02.148Z [2021-06-05T01:46:02.148Z] info: Started on port: 3030
2021-06-05T01:48:18.752Z [2021-06-05T01:48:18.752Z] info: Started on port: 3030
2021-06-05T01:49:19.318Z [2021-06-05T01:49:19.318Z] info: Started on port: 3030
2021-06-05T01:50:05.701Z [2021-06-05T01:50:05.701Z] info: Started on port: 3030
2021-06-05T01:50:19.448Z [2021-06-05T01:50:19.448Z] info: Started on port: 3030
2021-06-05T01:51:38.100Z [2021-06-05T01:51:38.100Z] info: Started on port: 3030
2021-06-05T01:52:42.457Z [2021-06-05T01:52:42.457Z] info: Started on port: 3030
2021-06-05T01:53:57.008Z [2021-06-05T01:53:57.008Z] info: Started on port: 3030
2021-06-05T01:55:31.123Z [2021-06-05T01:55:31.123Z] info: Started on port: 3030
2021-06-05T01:56:15.330Z [2021-06-05T01:56:15.330Z] error: POST /accounts - Name e Balance são obrigatorios!
2021-06-05T01:56:26.235Z [2021-06-05T01:56:26.235Z] error: POST /accounts - Name e Balance são obrigatorios!
2021-06-05T01:57:17.631Z [2021-06-05T01:57:17.631Z] info: GET /account
2021-06-05T01:57:46.885Z [2021-06-05T01:57:46.885Z] info: GET /account
2021-06-05T01:57:52.531Z [2021-06-05T01:57:52.531Z] error: POST /accounts - Name e Balance são obrigatorios!
2021-06-05T01:57:56.628Z [2021-06-05T01:57:56.628Z] error: POST /accounts - Name e Balance são obrigatorios!
2021-06-05T01:58:36.786Z [2021-06-05T01:58:36.786Z] info: GET /account
2021-06-05T01:58:45.668Z [2021-06-05T01:58:45.668Z] info: POST /account{"id":7,"name":"po5asdos","balance":9000}
2021-06-05T01:58:54.541Z [2021-06-05T01:58:54.541Z] info: POST /account{"id":8,"name":"po5assdafdsfasdfsegerhgdos","balance":9000232}
2021-06-05T02:02:47.150Z [2021-06-05T02:02:47.150Z] info: Started on port: 3030
2021-06-05T02:02:53.657Z [2021-06-05T02:02:53.657Z] info: GET /account
2021-06-05T02:11:07.097Z [2021-06-05T02:11:07.097Z] info: Started on port: 3030
2021-06-05T02:15:06.040Z [2021-06-05T02:15:06.040Z] info: Started on port: 3030
2021-06-05T02:17:38.881Z [2021-06-05T02:17:38.881Z] info: Started on port: 3030
2021-06-05T02:18:30.440Z [2021-06-05T02:18:30.440Z] error: GET /accounts - next is not a function
2021-06-05T02:19:08.097Z [2021-06-05T02:19:08.097Z] info: Started on port: 3030
2021-06-05T02:20:33.301Z [2021-06-05T02:20:33.301Z] info: Started on port: 3030
2021-06-05T02:21:27.236Z [2021-06-05T02:21:27.236Z] info: Started on port: 3030
2021-06-05T02:21:48.169Z [2021-06-05T02:21:48.169Z] info: POST /account{"id":9,"name":"po5assdafdsfaafgsdfsegerhgdos","balance":9000232}
2021-06-05T02:22:32.178Z [2021-06-05T02:22:32.178Z] info: Started on port: 3030
2021-06-05T02:23:13.994Z [2021-06-05T02:23:13.994Z] info: Started on port: 3030
2021-06-05T02:24:01.231Z [2021-06-05T02:24:01.231Z] info: Started on port: 3030
2021-06-05T02:24:49.710Z [2021-06-05T02:24:49.710Z] info: POST /account{"id":10,"name":"po5assdafdsfaafgsdfsegerhgdos","balance":9000232}
2021-06-05T02:25:35.199Z [2021-06-05T02:25:35.199Z] info: Started on port: 3030
2021-06-05T02:25:59.805Z [2021-06-05T02:25:59.805Z] info: Started on port: 3030
2021-06-05T02:26:02.327Z [2021-06-05T02:26:02.327Z] info: GET /account
2021-06-05T02:26:39.407Z [2021-06-05T02:26:39.407Z] info: Started on port: 3030
2021-06-05T02:26:42.521Z [2021-06-05T02:26:42.521Z] info: GET /account
2021-06-05T02:26:43.689Z [2021-06-05T02:26:43.689Z] info: GET /account
2021-06-05T02:26:44.321Z [2021-06-05T02:26:44.321Z] info: GET /account
2021-06-05T02:26:44.864Z [2021-06-05T02:26:44.864Z] info: GET /account
2021-06-05T02:26:45.424Z [2021-06-05T02:26:45.424Z] info: GET /account
2021-06-05T02:26:51.060Z [2021-06-05T02:26:51.060Z] info: Started on port: 3030
2021-06-05T02:27:15.041Z [2021-06-05T02:27:15.041Z] info: Started on port: 3030
2021-06-05T02:27:21.412Z [2021-06-05T02:27:21.412Z] info: GET /account
2021-06-05T02:27:35.614Z [2021-06-05T02:27:35.614Z] info: GET /account/:id
2021-06-05T02:27:51.093Z [2021-06-05T02:27:51.093Z] info: GET /account
2021-06-05T02:27:58.251Z [2021-06-05T02:27:58.251Z] info: DELETE /account/:id 10
2021-06-05T02:28:05.232Z [2021-06-05T02:28:05.232Z] info: GET /account
2021-06-05T02:29:39.392Z [2021-06-05T02:29:39.392Z] info: GET /account
2021-06-05T02:29:50.855Z [2021-06-05T02:29:50.855Z] info: GET /account
2021-06-05T02:29:58.494Z [2021-06-05T02:29:58.494Z] info: PUT /account{"id":5,"name":"po5assdafdsfaafgsdfsegerhgdos","balance":9000232}
2021-06-05T02:30:02.514Z [2021-06-05T02:30:02.514Z] info: GET /account
2021-06-05T02:30:33.852Z [2021-06-05T02:30:33.852Z] error: GET /account - ENOENT: no such file or directory, open 'D:\Users\Igor Nascimento\Desktop\projects\igti-bank-api\accounts.json'
2021-06-05T02:30:43.510Z [2021-06-05T02:30:43.510Z] info: Started on port: 3030
2021-06-05T02:31:09.137Z [2021-06-05T02:31:09.137Z] info: POST /account{"id":1,"name":"po5assdafdsfaafgsdfsegerhgdos","balance":9000232}
2021-06-05T02:31:14.980Z [2021-06-05T02:31:14.980Z] info: POST /account{"id":2,"name":"pos","balance":9000232}
2021-06-05T02:31:20.516Z [2021-06-05T02:31:20.516Z] info: POST /account{"id":3,"name":"84748","balance":9000232}
2021-06-05T02:31:26.842Z [2021-06-05T02:31:26.842Z] info: POST /account{"id":4,"name":58512,"balance":9000232}
2021-06-05T02:32:43.998Z [2021-06-05T02:32:43.998Z] info: PATCH /account/updateBalance{"id":4,"balance":-563}
2021-06-05T02:32:51.735Z [2021-06-05T02:32:51.735Z] info: GET /account
2021-06-05T17:58:11.812Z [2021-06-05T17:58:11.812Z] info: Started on port: 3030
2021-06-05T18:00:21.699Z [2021-06-05T18:00:21.699Z] info: Started on port: 3030
2021-06-05T18:01:12.821Z [2021-06-05T18:01:12.821Z] info: Started on port: 3030
2021-06-05T18:02:02.040Z [2021-06-05T18:02:02.040Z] info: Started on port: 3030
2021-06-05T18:02:55.126Z [2021-06-05T18:02:55.126Z] info: Started on port: 3030
2021-06-05T18:04:56.872Z [2021-06-05T18:04:56.872Z] info: Started on port: 3030
2021-06-05T18:05:08.282Z [2021-06-05T18:05:08.282Z] info: Started on port: 3030
2021-06-05T18:05:31.852Z [2021-06-05T18:05:31.852Z] info: Started on port: 3030
2021-06-05T18:07:32.673Z [2021-06-05T18:07:32.673Z] info: Started on port: 3030
2021-06-05T18:09:48.456Z [2021-06-05T18:09:48.456Z] info: Started on port: 3030
2021-06-05T18:12:49.014Z [2021-06-05T18:12:49.014Z] info: Started on port: 3030
2021-06-05T18:13:50.129Z [2021-06-05T18:13:50.129Z] info: Started on port: 3030
2021-06-05T18:15:03.306Z [2021-06-05T18:15:03.306Z] info: Started on port: 3030
2021-06-05T18:15:27.805Z [2021-06-05T18:15:27.805Z] info: Started on port: 3030
2021-06-05T18:18:02.426Z [2021-06-05T18:18:02.426Z] info: Started on port: 3030
2021-06-05T18:20:56.800Z [2021-06-05T18:20:56.800Z] info: Started on port: 3030
2021-06-05T18:21:43.053Z [2021-06-05T18:21:43.053Z] info: Started on port: 3030
2021-06-05T18:25:10.823Z [2021-06-05T18:25:10.823Z] info: Started on port: 3030
2021-06-05T18:27:35.801Z [2021-06-05T18:27:35.801Z] info: Started on port: 3030
2021-06-05T18:29:59.406Z [2021-06-05T18:29:59.406Z] info: Started on port: 3030
2021-06-05T18:31:18.311Z [2021-06-05T18:31:18.311Z] info: Started on port: 3030
2021-06-05T18:31:47.507Z [2021-06-05T18:31:47.507Z] info: Started on port: 3030
2021-06-05T18:32:50.371Z [2021-06-05T18:32:50.371Z] info: Started on port: 3030
2021-06-05T18:34:03.285Z [2021-06-05T18:34:03.285Z] info: Started on port: 3030
2021-06-05T18:34:37.604Z [2021-06-05T18:34:37.604Z] info: Started on port: 3030
2021-06-05T18:37:13.120Z [2021-06-05T18:37:13.120Z] info: Started on port: 3030
2021-06-05T18:38:51.741Z [2021-06-05T18:38:51.741Z] info: Started on port: 3030
2021-06-05T18:44:15.374Z [2021-06-05T18:44:15.374Z] info: Started on port: 3030
2021-06-05T18:47:05.417Z [2021-06-05T18:47:05.417Z] info: Started on port: 3030
2021-06-05T18:48:44.686Z [2021-06-05T18:48:44.686Z] info: Started on port: 3030
2021-06-05T18:50:03.165Z [2021-06-05T18:50:03.165Z] info: Started on port: 3030
2021-06-05T18:51:27.576Z [2021-06-05T18:51:27.576Z] info: Started on port: 3030
2021-06-05T18:53:24.934Z [2021-06-05T18:53:24.934Z] info: Started on port: 3030
2021-06-05T18:55:25.264Z [2021-06-05T18:55:25.264Z] info: Started on port: 3030
2021-06-05T18:56:35.109Z [2021-06-05T18:56:35.109Z] info: Started on port: 3030
2021-06-05T18:58:32.315Z [2021-06-05T18:58:32.315Z] info: Started on port: 3030
2021-06-05T18:59:43.288Z [2021-06-05T18:59:43.288Z] info: Started on port: 3030
2021-06-05T19:01:25.782Z [2021-06-05T19:01:25.782Z] info: Started on port: 3030
2021-06-05T19:02:52.777Z [2021-06-05T19:02:52.777Z] info: Started on port: 3030
2021-06-05T19:04:50.805Z [2021-06-05T19:04:50.805Z] info: Started on port: 3030
2021-06-05T19:06:15.591Z [2021-06-05T19:06:15.591Z] info: Started on port: 3030
2021-06-05T19:07:07.499Z [2021-06-05T19:07:07.499Z] info: Started on port: 3030
2021-06-05T19:08:11.269Z [2021-06-05T19:08:11.269Z] info: Started on port: 3030
2021-06-05T19:12:44.836Z [2021-06-05T19:12:44.836Z] info: Started on port: 3030
2021-06-05T19:14:17.990Z [2021-06-05T19:14:17.990Z] info: Started on port: 3030
2021-06-05T19:14:21.604Z [2021-06-05T19:14:21.604Z] info: Started on port: 3030
2021-06-05T19:14:32.313Z [2021-06-05T19:14:32.313Z] info: Started on port: 3030
2021-06-05T19:14:41.363Z [2021-06-05T19:14:41.363Z] info: Started on port: 3030
2021-06-05T19:16:41.589Z [2021-06-05T19:16:41.589Z] info: Started on port: 3030
